<?xml version="1.0" encoding="UTF-8"?>
<testsuite xmlns:xsi="http://www.w3.org/2001/XMLSchema-instance" xsi:noNamespaceSchemaLocation="https://maven.apache.org/surefire/maven-surefire-plugin/xsd/surefire-test-report-3.0.xsd" version="3.0" name="com.feature.RunCucumberTest" time="65.674" tests="7" errors="0" skipped="0" failures="0">
  <properties>
[...]
</properties>
  <testcase name="Funcionalidad de inicio de sesión y registro - Registro exitoso de nuevo usuario" classname="Funcionalidad de inicio de sesión y registro" time="17.303">
    <system-out><![CDATA[
@HU01-Registro @register
Scenario: Registro exitoso de nuevo usuario                 &amp#27;[90m# features/login.feature:5&amp#27;[0m
  &amp#27;[32mGiven &amp#27;[0m&amp#27;[32mque estoy en la página de registro&amp#27;[0m                  &amp#27;[90m# com.feature.stepdefinitions.RegisterSteps.que_estoy_en_la_pagina_de_registro()&amp#27;[0m
  &amp#27;[32mAnd &amp#27;[0m&amp#27;[32macepto el modal de términos&amp#27;[0m                           &amp#27;[90m# com.feature.stepdefinitions.RegisterSteps.acepto_el_modal_de_terminos()&amp#27;[0m
  &amp#27;[32mWhen &amp#27;[0m&amp#27;[32mingreso el nombre &amp#27;[0m&amp#27;[32m&amp#27;[1m"Usuario BDD Completado"&amp#27;[0m           &amp#27;[90m# com.feature.stepdefinitions.RegisterSteps.ingreso_el_nombre(java.lang.String)&amp#27;[0m
  &amp#27;[32mAnd &amp#27;[0m&amp#27;[32mingreso el correo &amp#27;[0m&amp#27;[32m&amp#27;[1m"bdd.completed.success@example.com"&amp#27;[0m &amp#27;[90m# com.feature.stepdefinitions.RegisterSteps.ingreso_el_correo(java.lang.String)&amp#27;[0m
  &amp#27;[32mAnd &amp#27;[0m&amp#27;[32mingreso la contraseña &amp#27;[0m&amp#27;[32m&amp#27;[1m"claveFinal123"&amp#27;[0m                 &amp#27;[90m# com.feature.stepdefinitions.RegisterSteps.ingreso_la_contrasena(java.lang.String)&amp#27;[0m
  &amp#27;[32mAnd &amp#27;[0m&amp#27;[32mconfirmo la contraseña &amp#27;[0m&amp#27;[32m&amp#27;[1m"claveFinal123"&amp#27;[0m                &amp#27;[90m# com.feature.stepdefinitions.RegisterSteps.confirmo_la_contrasena(java.lang.String)&amp#27;[0m
  &amp#27;[32mAnd &amp#27;[0m&amp#27;[32mingreso el RUT &amp#27;[0m&amp#27;[32m&amp#27;[1m"3.333.333-3"&amp#27;[0m                          &amp#27;[90m# com.feature.stepdefinitions.RegisterSteps.ingreso_el_rut(java.lang.String)&amp#27;[0m
  &amp#27;[32mAnd &amp#27;[0m&amp#27;[32mingreso el RUT de carga &amp#27;[0m&amp#27;[32m&amp#27;[1m"4.444.444-4"&amp#27;[0m                 &amp#27;[90m# com.feature.stepdefinitions.RegisterSteps.ingreso_el_rut_de_carga(java.lang.String)&amp#27;[0m
  &amp#27;[32mAnd &amp#27;[0m&amp#27;[32mhago clic en el botón de registrar&amp#27;[0m                    &amp#27;[90m# com.feature.stepdefinitions.RegisterSteps.hago_clic_en_registrar()&amp#27;[0m
🔍 URL actual luego del registro: https://mi-carnet-infantil.web.app/login
  &amp#27;[32mThen &amp#27;[0m&amp#27;[32mdebería redirigirme a la página principal&amp#27;[0m            &amp#27;[90m# com.feature.stepdefinitions.RegisterSteps.deberia_redirigirme_a_la_pagina_principal()&amp#27;[0m
]]></system-out>
    <system-err><![CDATA[SLF4J(W): No SLF4J providers were found.
SLF4J(W): Defaulting to no-operation (NOP) logger implementation
SLF4J(W): See https://www.slf4j.org/codes.html#noProviders for further details.
ago 12, 2025 8:17:58 A. M. org.openqa.selenium.devtools.CdpVersionFinder findNearestMatch
WARNING: Unable to find CDP implementation matching 138
ago 12, 2025 8:17:58 A. M. org.openqa.selenium.chromium.ChromiumDriver lambda$new$5
WARNING: Unable to find version of CDP to use for 138.0.7204.184. You may need to include a dependency on a specific version of the CDP using something similar to `org.seleniumhq.selenium:selenium-devtools-v86:4.21.0` where the version ("v86") matches the version of the chromium-based browser you're using and the version number of the artifact is the same as Selenium's.
]]></system-err>
  </testcase>
  <testcase name="Funcionalidad de inicio de sesión y registro - Login exitoso con credenciales válidas" classname="Funcionalidad de inicio de sesión y registro" time="9.876">
    <system-out><![CDATA[
@HU02-Login @smoke
Scenario: Login exitoso con credenciales válidas                      &amp#27;[90m# features/login.feature:19&amp#27;[0m
  &amp#27;[32mGiven &amp#27;[0m&amp#27;[32mque estoy en la página de inicio de sesión&amp#27;[0m                    &amp#27;[90m# com.feature.stepdefinitions.StepsLogin.que_estoy_en_la_pagina_de_inicio_de_sesion()&amp#27;[0m
  &amp#27;[32mWhen &amp#27;[0m&amp#27;[32mingreso el RUT &amp#27;[0m&amp#27;[32m&amp#27;[1m"12.345.678-4"&amp#27;[0m&amp#27;[32m y la contraseña &amp#27;[0m&amp#27;[32m&amp#27;[1m"claveSegura123"&amp#27;[0m &amp#27;[90m# com.feature.stepdefinitions.StepsLogin.ingreso_el_RUT_y_la_contraseña(java.lang.String,java.lang.String)&amp#27;[0m
  &amp#27;[32mAnd &amp#27;[0m&amp#27;[32mhago clic en el botón de ingresar&amp#27;[0m                               &amp#27;[90m# com.feature.stepdefinitions.StepsLogin.hago_clic_en_el_boton_de_ingresar()&amp#27;[0m
  &amp#27;[32mThen &amp#27;[0m&amp#27;[32mdebería estar en la página principal&amp#27;[0m                           &amp#27;[90m# com.feature.stepdefinitions.StepsLogin.deberia_estar_en_la_pagina_principal()&amp#27;[0m
]]></system-out>
    <system-err><![CDATA[ago 12, 2025 8:18:14 A. M. org.openqa.selenium.devtools.CdpVersionFinder findNearestMatch
WARNING: Unable to find CDP implementation matching 138
ago 12, 2025 8:18:14 A. M. org.openqa.selenium.chromium.ChromiumDriver lambda$new$5
WARNING: Unable to find version of CDP to use for 138.0.7204.184. You may need to include a dependency on a specific version of the CDP using something similar to `org.seleniumhq.selenium:selenium-devtools-v86:4.21.0` where the version ("v86") matches the version of the chromium-based browser you're using and the version number of the artifact is the same as Selenium's.
]]></system-err>
  </testcase>
  <testcase name="Funcionalidad de inicio de sesión y registro - Login fallido con credenciales inválidas" classname="Funcionalidad de inicio de sesión y registro" time="6.298">
    <system-out><![CDATA[
@HU02-Login @negative
Scenario: Login fallido con credenciales inválidas                      &amp#27;[90m# features/login.feature:27&amp#27;[0m
  &amp#27;[32mGiven &amp#27;[0m&amp#27;[32mque estoy en la página de inicio de sesión&amp#27;[0m                      &amp#27;[90m# com.feature.stepdefinitions.StepsLogin.que_estoy_en_la_pagina_de_inicio_de_sesion()&amp#27;[0m
  &amp#27;[32mWhen &amp#27;[0m&amp#27;[32mingreso el RUT &amp#27;[0m&amp#27;[32m&amp#27;[1m"11.111.111-1"&amp#27;[0m&amp#27;[32m y la contraseña &amp#27;[0m&amp#27;[32m&amp#27;[1m"clave_incorrecta"&amp#27;[0m &amp#27;[90m# com.feature.stepdefinitions.StepsLogin.ingreso_el_RUT_y_la_contraseña(java.lang.String,java.lang.String)&amp#27;[0m
  &amp#27;[32mAnd &amp#27;[0m&amp#27;[32mhago clic en el botón de ingresar&amp#27;[0m                                 &amp#27;[90m# com.feature.stepdefinitions.StepsLogin.hago_clic_en_el_boton_de_ingresar()&amp#27;[0m
  &amp#27;[32mThen &amp#27;[0m&amp#27;[32mdebería quedar la misma url&amp#27;[0m                                      &amp#27;[90m# com.feature.stepdefinitions.StepsLogin.debería_quedar_la_misma_url()&amp#27;[0m
]]></system-out>
    <system-err><![CDATA[ago 12, 2025 8:18:23 A. M. org.openqa.selenium.devtools.CdpVersionFinder findNearestMatch
WARNING: Unable to find CDP implementation matching 138
ago 12, 2025 8:18:23 A. M. org.openqa.selenium.chromium.ChromiumDriver lambda$new$5
WARNING: Unable to find version of CDP to use for 138.0.7204.184. You may need to include a dependency on a specific version of the CDP using something similar to `org.seleniumhq.selenium:selenium-devtools-v86:4.21.0` where the version ("v86") matches the version of the chromium-based browser you're using and the version number of the artifact is the same as Selenium's.
]]></system-err>
  </testcase>
  <testcase name="Funcionalidad de inicio de sesión y registro - El usuario puede cerrar sesión exitosamente" classname="Funcionalidad de inicio de sesión y registro" time="9.034">
    <system-out><![CDATA[
@HU03-Logout @crud
Scenario: El usuario puede cerrar sesión exitosamente                                     &amp#27;[90m# features/login.feature:49&amp#27;[0m
  &amp#27;[32mGiven &amp#27;[0m&amp#27;[32mque he iniciado sesión con el RUT &amp#27;[0m&amp#27;[32m&amp#27;[1m"12.345.678-4"&amp#27;[0m&amp#27;[32m y la contraseña &amp#27;[0m&amp#27;[32m&amp#27;[1m"claveSegura123"&amp#27;[0m &amp#27;[90m# com.feature.stepdefinitions.StepsLogin.que_he_iniciado_sesion(java.lang.String,java.lang.String)&amp#27;[0m
  &amp#27;[32mWhen &amp#27;[0m&amp#27;[32mhago clic en el botón de &amp#27;[0m&amp#27;[32m&amp#27;[1m"Cerrar Sesión"&amp#27;[0m                                           &amp#27;[90m# com.feature.stepdefinitions.StepsLogin.hago_clic_en_el_boton_de(java.lang.String)&amp#27;[0m
  &amp#27;[32mThen &amp#27;[0m&amp#27;[32mdebería ser redirigido a la página de login&amp#27;[0m                                        &amp#27;[90m# com.feature.stepdefinitions.StepsLogin.deberia_ser_redirigido_a_la_pagina_de_login()&amp#27;[0m
]]></system-out>
    <system-err><![CDATA[ago 12, 2025 8:18:51 A. M. org.openqa.selenium.devtools.CdpVersionFinder findNearestMatch
WARNING: Unable to find CDP implementation matching 138
ago 12, 2025 8:18:51 A. M. org.openqa.selenium.chromium.ChromiumDriver lambda$new$5
WARNING: Unable to find version of CDP to use for 138.0.7204.184. You may need to include a dependency on a specific version of the CDP using something similar to `org.seleniumhq.selenium:selenium-devtools-v86:4.21.0` where the version ("v86") matches the version of the chromium-based browser you're using and the version number of the artifact is the same as Selenium's.
]]></system-err>
  </testcase>
  <testcase name="Funcionalidad de inicio de sesión y registro - Validación de login con múltiples credenciales - Examples - Example #1.1" classname="Funcionalidad de inicio de sesión y registro - Validación de login con múltiples credenciales - Examples" time="8.487">
    <system-out><![CDATA[
@HU02-Login @outline
Scenario Outline: Validación de login con múltiples credenciales      &amp#27;[90m# features/login.feature:43&amp#27;[0m
  &amp#27;[32mGiven &amp#27;[0m&amp#27;[32mque estoy en la página de inicio de sesión&amp#27;[0m                    &amp#27;[90m# com.feature.stepdefinitions.StepsLogin.que_estoy_en_la_pagina_de_inicio_de_sesion()&amp#27;[0m
  &amp#27;[32mWhen &amp#27;[0m&amp#27;[32mingreso el RUT &amp#27;[0m&amp#27;[32m&amp#27;[1m"12.345.678-4"&amp#27;[0m&amp#27;[32m y la contraseña &amp#27;[0m&amp#27;[32m&amp#27;[1m"claveSegura123"&amp#27;[0m &amp#27;[90m# com.feature.stepdefinitions.StepsLogin.ingreso_el_RUT_y_la_contraseña(java.lang.String,java.lang.String)&amp#27;[0m
  &amp#27;[32mAnd &amp#27;[0m&amp#27;[32mhago clic en el botón de ingresar&amp#27;[0m                               &amp#27;[90m# com.feature.stepdefinitions.StepsLogin.hago_clic_en_el_boton_de_ingresar()&amp#27;[0m
  &amp#27;[32mThen &amp#27;[0m&amp#27;[32mdebería estar en la página principal&amp#27;[0m                           &amp#27;[90m# com.feature.stepdefinitions.StepsLogin.deberia_estar_en_la_pagina_principal()&amp#27;[0m
]]></system-out>
    <system-err><![CDATA[ago 12, 2025 8:18:29 A. M. org.openqa.selenium.devtools.CdpVersionFinder findNearestMatch
WARNING: Unable to find CDP implementation matching 138
ago 12, 2025 8:18:29 A. M. org.openqa.selenium.chromium.ChromiumDriver lambda$new$5
WARNING: Unable to find version of CDP to use for 138.0.7204.184. You may need to include a dependency on a specific version of the CDP using something similar to `org.seleniumhq.selenium:selenium-devtools-v86:4.21.0` where the version ("v86") matches the version of the chromium-based browser you're using and the version number of the artifact is the same as Selenium's.
]]></system-err>
  </testcase>
  <testcase name="Funcionalidad de inicio de sesión y registro - Validación de login con múltiples credenciales - Examples - Example #1.2" classname="Funcionalidad de inicio de sesión y registro - Validación de login con múltiples credenciales - Examples" time="6.168">
    <system-out><![CDATA[
@HU02-Login @outline
Scenario Outline: Validación de login con múltiples credenciales  &amp#27;[90m# features/login.feature:44&amp#27;[0m
  &amp#27;[32mGiven &amp#27;[0m&amp#27;[32mque estoy en la página de inicio de sesión&amp#27;[0m                &amp#27;[90m# com.feature.stepdefinitions.StepsLogin.que_estoy_en_la_pagina_de_inicio_de_sesion()&amp#27;[0m
  &amp#27;[32mWhen &amp#27;[0m&amp#27;[32mingreso el RUT &amp#27;[0m&amp#27;[32m&amp#27;[1m"11.111.111-1"&amp#27;[0m&amp#27;[32m y la contraseña &amp#27;[0m&amp#27;[32m&amp#27;[1m"clave_mala"&amp#27;[0m &amp#27;[90m# com.feature.stepdefinitions.StepsLogin.ingreso_el_RUT_y_la_contraseña(java.lang.String,java.lang.String)&amp#27;[0m
  &amp#27;[32mAnd &amp#27;[0m&amp#27;[32mhago clic en el botón de ingresar&amp#27;[0m                           &amp#27;[90m# com.feature.stepdefinitions.StepsLogin.hago_clic_en_el_boton_de_ingresar()&amp#27;[0m
  &amp#27;[32mThen &amp#27;[0m&amp#27;[32mdebería quedar la misma url&amp#27;[0m                                &amp#27;[90m# com.feature.stepdefinitions.StepsLogin.debería_quedar_la_misma_url()&amp#27;[0m
]]></system-out>
    <system-err><![CDATA[ago 12, 2025 8:18:37 A. M. org.openqa.selenium.devtools.CdpVersionFinder findNearestMatch
WARNING: Unable to find CDP implementation matching 138
ago 12, 2025 8:18:37 A. M. org.openqa.selenium.chromium.ChromiumDriver lambda$new$5
WARNING: Unable to find version of CDP to use for 138.0.7204.184. You may need to include a dependency on a specific version of the CDP using something similar to `org.seleniumhq.selenium:selenium-devtools-v86:4.21.0` where the version ("v86") matches the version of the chromium-based browser you're using and the version number of the artifact is the same as Selenium's.
]]></system-err>
  </testcase>
  <testcase name="Funcionalidad de inicio de sesión y registro - Validación de login con múltiples credenciales - Examples - Example #1.3" classname="Funcionalidad de inicio de sesión y registro - Validación de login con múltiples credenciales - Examples" time="7.381">
    <system-out><![CDATA[
@HU02-Login @outline
Scenario Outline: Validación de login con múltiples credenciales &amp#27;[90m# features/login.feature:45&amp#27;[0m
  &amp#27;[32mGiven &amp#27;[0m&amp#27;[32mque estoy en la página de inicio de sesión&amp#27;[0m               &amp#27;[90m# com.feature.stepdefinitions.StepsLogin.que_estoy_en_la_pagina_de_inicio_de_sesion()&amp#27;[0m
  &amp#27;[32mWhen &amp#27;[0m&amp#27;[32mingreso el RUT &amp#27;[0m&amp#27;[32m&amp#27;[1m""&amp#27;[0m&amp#27;[32m y la contraseña &amp#27;[0m&amp#27;[32m&amp#27;[1m""&amp#27;[0m                      &amp#27;[90m# com.feature.stepdefinitions.StepsLogin.ingreso_el_RUT_y_la_contraseña(java.lang.String,java.lang.String)&amp#27;[0m
  &amp#27;[32mAnd &amp#27;[0m&amp#27;[32mhago clic en el botón de ingresar&amp#27;[0m                          &amp#27;[90m# com.feature.stepdefinitions.StepsLogin.hago_clic_en_el_boton_de_ingresar()&amp#27;[0m
  &amp#27;[32mThen &amp#27;[0m&amp#27;[32mdebería quedar la misma url&amp#27;[0m                               &amp#27;[90m# com.feature.stepdefinitions.StepsLogin.debería_quedar_la_misma_url()&amp#27;[0m
]]></system-out>
    <system-err><![CDATA[ago 12, 2025 8:18:43 A. M. org.openqa.selenium.devtools.CdpVersionFinder findNearestMatch
WARNING: Unable to find CDP implementation matching 138
ago 12, 2025 8:18:43 A. M. org.openqa.selenium.chromium.ChromiumDriver lambda$new$5
WARNING: Unable to find version of CDP to use for 138.0.7204.184. You may need to include a dependency on a specific version of the CDP using something similar to `org.seleniumhq.selenium:selenium-devtools-v86:4.21.0` where the version ("v86") matches the version of the chromium-based browser you're using and the version number of the artifact is the same as Selenium's.
]]></system-err>
  </testcase>
</testsuite>