<?xml version="1.0" encoding="UTF-8"?>
<testsuite xmlns:xsi="http://www.w3.org/2001/XMLSchema-instance" xsi:noNamespaceSchemaLocation="https://maven.apache.org/surefire/maven-surefire-plugin/xsd/surefire-test-report-3.0.xsd" version="3.0" name="runner.TestRunner" time="2.755" tests="1" errors="0" skipped="0" failures="0">
  <properties>
[...]
</properties>
  <testcase name="Login exitoso" classname="Login de usuario" time="0.569">
    <system-out><![CDATA[
@SmokeTest
Scenario: Login exitoso                       &amp#27;[90m# src/test/resources/features/login.feature:4&amp#27;[0m
🚀 Este hook SOLO se ejecuta en escenarios con @SmokeTest
🟢 El usuario abre la página de login
  &amp#27;[32mGiven &amp#27;[0m&amp#27;[32mel usuario esta en la pagina de login&amp#27;[0m &amp#27;[90m# steps.LoginSteps.usuarioEnLogin()&amp#27;[0m
🟡 Usuario ingresa usuario y clave
  &amp#27;[32mWhen &amp#27;[0m&amp#27;[32mingresa credenciales validas&amp#27;[0m           &amp#27;[90m# steps.LoginSteps.ingresaCredenciales()&amp#27;[0m
✅ Acceso exitoso al sistema
  &amp#27;[32mThen &amp#27;[0m&amp#27;[32mdeberia acceder al sistema&amp#27;[0m             &amp#27;[90m# steps.LoginSteps.accedeAlSistema()&amp#27;[0m
]]></system-out>
  </testcase>
</testsuite>